This is pdfTeX, Version 3.14159265-2.6-1.40.18 (TeX Live 2017/Debian) (preloaded format=pdflatex 2020.11.27)  16 NOV 2021 04:06
entering extended mode
 restricted \write18 enabled.
 %&-line parsing enabled.
**41-biblio.tex
(./41-biblio.tex
LaTeX2e <2017-04-15>
Babel <3.18> and hyphenation patterns for 16 language(s) loaded.
\bibdata{41-biblio}
No file 41-biblio.bbl.
)
! Emergency stop.
<*> 41-biblio.tex
                 
*** (job aborted, no legal \end found)

 
Here is how much of TeX's memory you used:
 6 strings out of 494324
 146 string characters out of 6170705
 49979 words of memory out of 5000000
 3441 multiletter control sequences out of 15000+600000
 3640 words of font info for 14 fonts, out of 8000000 for 9000
 475 hyphenation exceptions out of 8191
 5i,0n,3p,121b,17s stack positions out of 5000i,500n,10000p,200000b,80000s
!  ==> Fatal error occurred, no output PDF file produced!
